<?xml version="1.0" encoding="UTF-8"?>
<!-- Generated by org.testng.reporters.JUnitReportReporter -->
<testsuite hostname="DESKTOP-3RRFUM9" failures="0" tests="2" name="pageModel.TestModel" time="10.916" errors="0" timestamp="2022-06-10T14:51:15 IST" skipped="0">
  <testcase classname="pageModel.TestModel" name="dataprovider" time="8.446"/>
  <system-out/>
  <testcase classname="pageModel.TestModel" name="newpass" time="2.470"/>
  <system-out/>
</testsuite> <!-- pageModel.TestModel -->
