<?xml version="1.0" encoding="UTF-8"?>
<!-- Generated by org.testng.reporters.JUnitReportReporter -->
<testsuite hostname="DESKTOP-3RRFUM9" failures="0" tests="3" name="testNg1.TNg2" time="0.014" errors="0" timestamp="2022-05-31T12:58:15 IST" skipped="0">
  <testcase classname="testNg1.TNg2" name="test3" time="0.004"/>
  <system-out/>
  <testcase classname="testNg1.TNg2" name="test1" time="0.004"/>
  <system-out/>
  <testcase classname="testNg1.TNg2" name="test2" time="0.006"/>
  <system-out/>
</testsuite> <!-- testNg1.TNg2 -->
