<?xml version="1.0" encoding="UTF-8"?>
<!-- Generated by org.testng.reporters.JUnitReportReporter -->
<testsuite hostname="DESKTOP-3RRFUM9" failures="0" tests="2" name="testNg1.Facebook2" time="23.532" errors="0" timestamp="2022-06-20T21:55:20 IST" skipped="0">
  <testcase classname="testNg1.Facebook2" name="TestCase5" time="6.154"/>
  <system-out/>
  <testcase classname="testNg1.Facebook2" name="TestCase4" time="17.378"/>
  <system-out/>
</testsuite> <!-- testNg1.Facebook2 -->
