<?xml version="1.0" encoding="UTF-8"?>
<!-- Generated by org.testng.reporters.JUnitReportReporter -->
<testsuite hostname="DESKTOP-3RRFUM9" failures="0" tests="3" name="testNg2.DataProvider1" time="2.473" errors="0" timestamp="2022-06-20T22:06:50 IST" skipped="0">
  <testcase classname="testNg2.DataProvider1" name="test1" time="1.021"/>
  <system-out/>
  <testcase classname="testNg2.DataProvider1" name="test1" time="1.122"/>
  <system-out/>
  <testcase classname="testNg2.DataProvider1" name="test1" time="0.330"/>
  <system-out/>
</testsuite> <!-- testNg2.DataProvider1 -->
