<?xml version="1.0" encoding="UTF-8"?>
<!-- Generated by org.testng.reporters.JUnitReportReporter -->
<testsuite hostname="DESKTOP-3RRFUM9" failures="0" tests="2" name="testNg2.Parametrization1" time="0.014" errors="0" timestamp="2022-06-09T14:06:33 IST" skipped="0">
  <testcase classname="testNg2.Parametrization1" name="test1" time="0.013"/>
  <system-out/>
  <testcase classname="testNg2.Parametrization1" name="test1" time="0.001"/>
  <system-out/>
</testsuite> <!-- testNg2.Parametrization1 -->
