<?xml version="1.0" encoding="UTF-8"?>
<!-- Generated by org.testng.reporters.JUnitReportReporter -->
<testsuite hostname="DESKTOP-3RRFUM9" failures="0" tests="1" name="synchronization.Implicitly" time="5.920" errors="0" timestamp="2022-06-07T18:24:24 IST" skipped="0">
  <testcase classname="synchronization.Implicitly" name="login" time="5.920"/>
  <system-out/>
</testsuite> <!-- synchronization.Implicitly -->
