<?xml version="1.0" encoding="UTF-8"?>
<!-- Generated by org.testng.reporters.JUnitReportReporter -->
<testsuite hostname="DESKTOP-3RRFUM9" failures="0" tests="5" name="testNg1.TNg1" time="0.012" errors="0" timestamp="2022-06-01T12:54:31 IST" skipped="0">
  <testcase classname="testNg1.TNg1" name="Testcase1" time="0.002"/>
  <system-out/>
  <testcase classname="testNg1.TNg1" name="Testcase2" time="0.002"/>
  <system-out/>
  <testcase classname="testNg1.TNg1" name="Testcase4" time="0.002"/>
  <system-out/>
  <testcase classname="testNg1.TNg1" name="Testcase5" time="0.002"/>
  <system-out/>
  <testcase classname="testNg1.TNg1" name="Testcase3" time="0.004"/>
  <system-out/>
</testsuite> <!-- testNg1.TNg1 -->
