<?xml version="1.0" encoding="UTF-8"?>
<!-- Generated by org.testng.reporters.JUnitReportReporter -->
<testsuite hostname="DESKTOP-3RRFUM9" failures="0" tests="1" name="testNg2.ExtraTrial" time="6.345" errors="0" timestamp="2022-06-09T00:13:29 IST" skipped="0">
  <testcase classname="testNg2.ExtraTrial" name="test1" time="6.345"/>
  <system-out/>
</testsuite> <!-- testNg2.ExtraTrial -->
