<?xml version="1.0" encoding="UTF-8"?>
<!-- Generated by org.testng.reporters.JUnitReportReporter -->
<testsuite hostname="DESKTOP-3RRFUM9" failures="0" tests="2" name="pageModel.OTestModel" time="2.222" errors="0" timestamp="2022-06-14T21:10:19 IST" skipped="0">
  <testcase classname="pageModel.OTestModel" name="login" time="0.209"/>
  <system-out/>
  <testcase classname="pageModel.OTestModel" name="clickon" time="2.013"/>
  <system-out/>
</testsuite> <!-- pageModel.OTestModel -->
