<?xml version="1.0" encoding="UTF-8"?>
<!-- Generated by org.testng.reporters.JUnitReportReporter -->
<testsuite hostname="DESKTOP-3RRFUM9" failures="0" tests="1" name="synchronization.Fluent" time="15.311" errors="0" timestamp="2022-06-08T12:19:41 IST" skipped="0">
  <testcase classname="synchronization.Fluent" name="test1" time="15.311"/>
  <system-out/>
</testsuite> <!-- synchronization.Fluent -->
