<?xml version="1.0" encoding="UTF-8"?>
<!-- Generated by org.testng.reporters.JUnitReportReporter -->
<testsuite hostname="DESKTOP-3RRFUM9" failures="0" tests="3" name="testNg1.TNg" time="0.013" errors="0" timestamp="2022-06-01T12:54:31 IST" skipped="0">
  <testcase classname="testNg1.TNg" name="Test2" time="0.001"/>
  <system-out/>
  <testcase classname="testNg1.TNg" name="Test1" time="0.010"/>
  <system-out/>
  <testcase classname="testNg1.TNg" name="Test3" time="0.002"/>
  <system-out/>
</testsuite> <!-- testNg1.TNg -->
