<?xml version="1.0" encoding="UTF-8"?>
<!-- Generated by org.testng.reporters.JUnitReportReporter -->
<testsuite hostname="DESKTOP-3RRFUM9" failures="0" tests="1" name="testNg2.TNgtrial1" time="5.264" errors="0" timestamp="2022-06-07T23:27:44 IST" skipped="0">
  <testcase classname="testNg2.TNgtrial1" name="waitforelement" time="5.264"/>
  <system-out/>
</testsuite> <!-- testNg2.TNgtrial1 -->
